android/build/intermediates/manifest_merge_blame_file/debug/manifest-merger-blame-debug-report.txt
1<?xml version="1.0" encoding="utf-8"?>
2<manifest xmlns:android="http://schemas.android.com/apk/res/android"
3    package="com.akn.game"
4    android:versionCode="1"
5    android:versionName="1.0" >
6
7    <uses-sdk
8        android:minSdkVersion="24"
8-->Maze\android\AndroidManifest.xml
9        android:targetSdkVersion="29" />
9-->Maze\android\AndroidManifest.xml
10
11    <application
11-->Maze\android\AndroidManifest.xml:5:5-22:19
12        android:allowBackup="true"
12-->Maze\android\AndroidManifest.xml:6:9-35
13        android:appCategory="game"
13-->Maze\android\AndroidManifest.xml:9:9-35
14        android:debuggable="true"
15        android:extractNativeLibs="false"
16        android:icon="@drawable/ic_launcher"
16-->Maze\android\AndroidManifest.xml:7:9-45
17        android:isGame="true"
17-->Maze\android\AndroidManifest.xml:8:9-30
18        android:label="@string/app_name"
18-->Maze\android\AndroidManifest.xml:10:9-41
19        android:testOnly="true"
20        android:theme="@style/GdxTheme" >
20-->Maze\android\AndroidManifest.xml:11:9-40
21        <activity
21-->Maze\android\AndroidManifest.xml:12:9-21:20
22            android:name="com.akn.game.AndroidLauncher"
22-->Maze\android\AndroidManifest.xml:13:13-56
23            android:configChanges="keyboard|keyboardHidden|navigation|orientation|screenSize|screenLayout"
23-->Maze\android\AndroidManifest.xml:16:13-107
24            android:label="@string/app_name"
24-->Maze\android\AndroidManifest.xml:14:13-45
25            android:screenOrientation="portrait" >
25-->Maze\android\AndroidManifest.xml:15:13-49
26            <intent-filter>
26-->Maze\android\AndroidManifest.xml:17:13-20:29
27                <action android:name="android.intent.action.MAIN" />
27-->Maze\android\AndroidManifest.xml:18:17-69
27-->Maze\android\AndroidManifest.xml:18:25-66
28
29                <category android:name="android.intent.category.LAUNCHER" />
29-->Maze\android\AndroidManifest.xml:19:17-77
29-->Maze\android\AndroidManifest.xml:19:27-74
30            </intent-filter>
31        </activity>
32    </application>
33
34</manifest>